<?xml version="1.0" encoding="UTF-8"?>
<testsuite xmlns:xsi="http://www.w3.org/2001/XMLSchema-instance" xsi:noNamespaceSchemaLocation="https://maven.apache.org/surefire/maven-surefire-plugin/xsd/surefire-test-report.xsd" name="com.flinki.ProfileCreationTest" time="63.806" tests="1" errors="0" skipped="0" failures="1">
  <properties>
[...]
</properties>
  <testcase name="ProfileCreation" classname="com.flinki.ProfileCreationTest" time="53.367">
    <failure message="invalid argument: File not found : Flinki/flinkiproject/src/main/java/com/flinki/Resources/Images/image.png&#10;  (Session info: chrome=131.0.6778.204)&#10;Build info: version: &apos;4.29.0&apos;, revision: &apos;5fc1ec94cb&apos;&#10;System info: os.name: &apos;Linux&apos;, os.arch: &apos;amd64&apos;, os.version: &apos;6.8.0-52-generic&apos;, java.version: &apos;23.0.1&apos;&#10;Driver info: org.openqa.selenium.chrome.ChromeDriver&#10;Command: [1cb81a2c3976fe7bb77dac4d219e988d, sendKeysToElement {id=f.66D19177DE125688AE0B3DF28F446223.d.C562CEB17D3043F8BF81D127B3268949.e.579, value=[Ljava.lang.CharSequence;@33eab2e8}]&#10;Capabilities {acceptInsecureCerts: false, browserName: chrome, browserVersion: 131.0.6778.204, chrome: {chromedriverVersion: 131.0.6778.264 (2d05e315153..., userDataDir: /tmp/.org.chromium.Chromium...}, fedcm:accounts: true, goog:chromeOptions: {debuggerAddress: localhost:33927}, networkConnectionEnabled: false, pageLoadStrategy: normal, platformName: linux, proxy: Proxy(), se:cdp: ws://localhost:33927/devtoo..., se:cdpVersion: 131.0.6778.204, setWindowRect: true, strictFileInteractability: false, timeouts: {implicit: 0, pageLoad: 300000, script: 30000}, unhandledPromptBehavior: dismiss and notify, webauthn:extension:credBlob: true, webauthn:extension:largeBlob: true, webauthn:extension:minPinLength: true, webauthn:extension:prf: true, webauthn:virtualAuthenticators: true}&#10;Element: [[ChromeDriver: chrome on linux (1cb81a2c3976fe7bb77dac4d219e988d)] -&gt; xpath: //input[@type=&apos;file&apos;]]&#10;Session ID: 1cb81a2c3976fe7bb77dac4d219e988d" type="org.openqa.selenium.InvalidArgumentException">org.openqa.selenium.InvalidArgumentException: 
invalid argument: File not found : Flinki/flinkiproject/src/main/java/com/flinki/Resources/Images/image.png
  (Session info: chrome=131.0.6778.204)
Build info: version: '4.29.0', revision: '5fc1ec94cb'
System info: os.name: 'Linux', os.arch: 'amd64', os.version: '6.8.0-52-generic', java.version: '23.0.1'
Driver info: org.openqa.selenium.chrome.ChromeDriver
Command: [1cb81a2c3976fe7bb77dac4d219e988d, sendKeysToElement {id=f.66D19177DE125688AE0B3DF28F446223.d.C562CEB17D3043F8BF81D127B3268949.e.579, value=[Ljava.lang.CharSequence;@33eab2e8}]
Capabilities {acceptInsecureCerts: false, browserName: chrome, browserVersion: 131.0.6778.204, chrome: {chromedriverVersion: 131.0.6778.264 (2d05e315153..., userDataDir: /tmp/.org.chromium.Chromium...}, fedcm:accounts: true, goog:chromeOptions: {debuggerAddress: localhost:33927}, networkConnectionEnabled: false, pageLoadStrategy: normal, platformName: linux, proxy: Proxy(), se:cdp: ws://localhost:33927/devtoo..., se:cdpVersion: 131.0.6778.204, setWindowRect: true, strictFileInteractability: false, timeouts: {implicit: 0, pageLoad: 300000, script: 30000}, unhandledPromptBehavior: dismiss and notify, webauthn:extension:credBlob: true, webauthn:extension:largeBlob: true, webauthn:extension:minPinLength: true, webauthn:extension:prf: true, webauthn:virtualAuthenticators: true}
Element: [[ChromeDriver: chrome on linux (1cb81a2c3976fe7bb77dac4d219e988d)] -> xpath: //input[@type='file']]
Session ID: 1cb81a2c3976fe7bb77dac4d219e988d
	at com.flinki.ProfileCreationTest.ProfileCreation(ProfileCreationTest.java:23)
</failure>
    <system-out><![CDATA[AutoiNq@yopmail.com
351315:OTP pasted successfully!
Available sports: 52
]]></system-out>
    <system-err><![CDATA[SLF4J(W): No SLF4J providers were found.
SLF4J(W): Defaulting to no-operation (NOP) logger implementation
SLF4J(W): See https://www.slf4j.org/codes.html#noProviders for further details.
]]></system-err>
  </testcase>
</testsuite>